\BOOKMARK [1][-]{section.1}{Course Description}{}% 1
\BOOKMARK [2][-]{subsection.1.1}{Class Time and Location}{section.1}% 2
\BOOKMARK [2][-]{subsection.1.2}{Instructor}{section.1}% 3
\BOOKMARK [2][-]{subsection.1.3}{Recommended Texts}{section.1}% 4
\BOOKMARK [1][-]{section.2}{Mode of Instruction}{}% 5
\BOOKMARK [1][-]{section.3}{Contingency Statement}{}% 6
\BOOKMARK [1][-]{section.4}{Course Materials}{}% 7
\BOOKMARK [1][-]{section.5}{Learning Objective}{}% 8
\BOOKMARK [1][-]{section.6}{Attendance Policy}{}% 9
\BOOKMARK [1][-]{section.7}{Course Assessment}{}% 10
\BOOKMARK [2][-]{subsection.7.1}{Participation and Engagement}{section.7}% 11
\BOOKMARK [1][-]{section.8}{Grading}{}% 12
\BOOKMARK [1][-]{section.9}{Grading Scale}{}% 13
\BOOKMARK [1][-]{section.10}{Missing In-class Activities}{}% 14
\BOOKMARK [2][-]{subsection.10.1}{Officially Approved Trips}{section.10}% 15
\BOOKMARK [2][-]{subsection.10.2}{Illness Based Absence Policy}{section.10}% 16
\BOOKMARK [2][-]{subsection.10.3}{Special Circumstance Absence}{section.10}% 17
\BOOKMARK [1][-]{section.11}{TTU COVID-19 Policy Reminders}{}% 18
\BOOKMARK [1][-]{section.12}{Special Considerations}{}% 19
\BOOKMARK [2][-]{subsection.12.1}{Disabling Condition}{section.12}% 20
\BOOKMARK [2][-]{subsection.12.2}{Religious Holy Days}{section.12}% 21
\BOOKMARK [1][-]{section.13}{Academic Integrity}{}% 22
\BOOKMARK [1][-]{section.14}{TTU Resources for Discrimination, Harassment, and Sexual Violence}{}% 23
\BOOKMARK [1][-]{section.15}{LGBTQIA}{}% 24
\BOOKMARK [1][-]{section.16}{Online Classroom Civility}{}% 25
